<?xml version="1.0" encoding="UTF-8"?>
<testng-results ignored="0" total="1" passed="1" failed="0" skipped="0">
  <reporter-output>
  </reporter-output>
  <suite started-at="2023-08-19T09:43:45 IST" name="Suite" finished-at="2023-08-19T09:44:11 IST" duration-ms="26327">
    <groups>
    </groups>
    <test started-at="2023-08-19T09:43:45 IST" name="Test" finished-at="2023-08-19T09:44:11 IST" duration-ms="26327">
      <class name="test1.NewTest">
        <test-method signature="f()[pri:0, instance:test1.NewTest@2dc54ad4]" started-at="2023-08-19T09:43:45 IST" name="f" finished-at="2023-08-19T09:44:11 IST" duration-ms="26240" status="PASS">
          <reporter-output>
          </reporter-output>
        </test-method> <!-- f -->
      </class> <!-- test1.NewTest -->
    </test> <!-- Test -->
  </suite> <!-- Suite -->
</testng-results>
