<?xml version="1.0" encoding="UTF-8"?>
<testng-results ignored="0" total="1" passed="1" failed="0" skipped="0">
  <reporter-output>
  </reporter-output>
  <suite started-at="2023-08-25T17:43:52 IST" name="Suite" finished-at="2023-08-25T17:44:46 IST" duration-ms="53418">
    <groups>
    </groups>
    <test started-at="2023-08-25T17:43:52 IST" name="ChromeTest" finished-at="2023-08-25T17:44:46 IST" duration-ms="53418">
      <class name="test1.NewTest1">
        <test-method is-config="true" signature="setup()[pri:0, instance:test1.NewTest1@13e344d]" started-at="2023-08-25T17:43:52 IST" name="setup" finished-at="2023-08-25T17:44:38 IST" duration-ms="45675" status="PASS">
          <reporter-output>
          </reporter-output>
        </test-method> <!-- setup -->
        <test-method signature="urlcheck()[pri:0, instance:test1.NewTest1@13e344d]" started-at="2023-08-25T17:44:38 IST" name="urlcheck" finished-at="2023-08-25T17:44:46 IST" duration-ms="7644" status="PASS">
          <reporter-output>
          </reporter-output>
        </test-method> <!-- urlcheck -->
      </class> <!-- test1.NewTest1 -->
    </test> <!-- ChromeTest -->
  </suite> <!-- Suite -->
</testng-results>
