<?xml version="1.0" encoding="UTF-8"?>
<testng-results ignored="0" total="1" passed="1" failed="0" skipped="0">
  <reporter-output>
  </reporter-output>
  <suite started-at="2023-08-19T10:07:52 IST" name="Default suite" finished-at="2023-08-19T10:08:14 IST" duration-ms="22858">
    <groups>
    </groups>
    <test started-at="2023-08-19T10:07:52 IST" name="Default test" finished-at="2023-08-19T10:08:14 IST" duration-ms="22858">
      <class name="test1.NewTest">
        <test-method signature="f()[pri:0, instance:test1.NewTest@7526515b]" started-at="2023-08-19T10:07:52 IST" name="f" finished-at="2023-08-19T10:08:14 IST" duration-ms="22747" status="PASS">
          <reporter-output>
          </reporter-output>
        </test-method> <!-- f -->
      </class> <!-- test1.NewTest -->
    </test> <!-- Default test -->
  </suite> <!-- Default suite -->
</testng-results>
